\BOOKMARK [1][-]{table.caption.1}{Table of Contents}{}% 1
\BOOKMARK [1][-]{section.1}{Introduction}{}% 2
\BOOKMARK [2][-]{subsection.1.1}{Purpose}{section.1}% 3
\BOOKMARK [2][-]{subsection.1.2}{Scope}{section.1}% 4
\BOOKMARK [2][-]{subsection.1.3}{Definitions, Acronyms, Abbreviations}{section.1}% 5
\BOOKMARK [3][-]{subsubsection.1.3.1}{Definitions}{subsection.1.3}% 6
\BOOKMARK [3][-]{subsubsection.1.3.2}{Acronyms}{subsection.1.3}% 7
\BOOKMARK [3][-]{subsubsection.1.3.3}{Abbreviations}{subsection.1.3}% 8
\BOOKMARK [2][-]{subsection.1.4}{Revision History}{section.1}% 9
\BOOKMARK [2][-]{subsection.1.5}{Reference Documents}{section.1}% 10
\BOOKMARK [2][-]{subsection.1.6}{Document Structure}{section.1}% 11
\BOOKMARK [1][-]{section.2}{Architectural Design}{}% 12
\BOOKMARK [2][-]{subsection.2.1}{Overview: High-level components and their interaction}{section.2}% 13
\BOOKMARK [2][-]{subsection.2.2}{Component view}{section.2}% 14
\BOOKMARK [2][-]{subsection.2.3}{Deployment view}{section.2}% 15
\BOOKMARK [2][-]{subsection.2.4}{Runtime view}{section.2}% 16
\BOOKMARK [2][-]{subsection.2.5}{Authentication Sequence Diagram}{section.2}% 17
\BOOKMARK [2][-]{subsection.2.6}{ Acquire a LineUpDigitalTicket Sequence Diagram}{section.2}% 18
\BOOKMARK [2][-]{subsection.2.7}{Acquire a BookingDigitalTicket Sequence Diagram}{section.2}% 19
\BOOKMARK [2][-]{subsection.2.8}{Discovery Sequence Diagram}{section.2}% 20
\BOOKMARK [3][-]{subsubsection.2.8.1}{oneSubsectionPerAction}{subsection.2.8}% 21
\BOOKMARK [2][-]{subsection.2.9}{Component Interfaces}{section.2}% 22
\BOOKMARK [2][-]{subsection.2.10}{Selected architectural styles and patterns}{section.2}% 23
\BOOKMARK [3][-]{subsubsection.2.10.1}{Model View Controller - MVC}{subsection.2.10}% 24
\BOOKMARK [3][-]{subsubsection.2.10.2}{Adapter pattern}{subsection.2.10}% 25
\BOOKMARK [3][-]{subsubsection.2.10.3}{Facade pattern}{subsection.2.10}% 26
\BOOKMARK [2][-]{subsection.2.11}{Other design decisions}{section.2}% 27
\BOOKMARK [3][-]{subsubsection.2.11.1}{Thin Client}{subsection.2.11}% 28
\BOOKMARK [3][-]{subsubsection.2.11.2}{Database}{subsection.2.11}% 29
\BOOKMARK [1][-]{section.3}{User Interface Design}{}% 30
\BOOKMARK [2][-]{subsection.3.1}{UserMobileApp Interfaces}{section.3}% 31
\BOOKMARK [2][-]{subsection.3.2}{WebApp Interfaces}{section.3}% 32
\BOOKMARK [1][-]{section.4}{Requirements Traceability}{}% 33
\BOOKMARK [2][-]{subsection.4.1}{External Interface Requirements}{section.4}% 34
\BOOKMARK [1][-]{section.5}{Implementation, Integration and Test Plan}{}% 35
\BOOKMARK [2][-]{subsection.5.1}{Implementation}{section.5}% 36
\BOOKMARK [2][-]{subsection.5.2}{Integration}{section.5}% 37
\BOOKMARK [2][-]{subsection.5.3}{Test plan}{section.5}% 38
\BOOKMARK [1][-]{section.6}{Effort Spent}{}% 39
\BOOKMARK [1][-]{section.7}{Used Tools}{}% 40
